# JRE version: OpenJDK Runtime Environment Temurin-11.0.13+8 (11.0.13+8) (build 11.0.13+8)
# Java VM: OpenJDK 64-Bit Server VM Temurin-11.0.13+8 (11.0.13+8, mixed mode, tiered, compressed oops, g1 gc, windows-amd64)
Heap:
 garbage-first heap   total 146432K, used 55361K [0x00000000e0000000, 0x0000000100000000)
  region size 1024K, 2 young (2048K), 2 survivors (2048K)
 Metaspace       used 35358K, capacity 38678K, committed 38784K, reserved 1083392K
  class space    used 3502K, capacity 4656K, committed 4736K, reserved 1048576K
GC Heap History (20 events):
Event: 4.601 GC heap after
{Heap after GC invocations=36 (full 0):
 garbage-first heap   total 59392K, used 39154K [0x00000000e0000000, 0x0000000100000000)
  region size 1024K, 1 young (1024K), 1 survivors (1024K)
 Metaspace       used 34856K, capacity 38013K, committed 38272K, reserved 1083392K
  class space    used 3483K, capacity 4609K, committed 4736K, reserved 1048576K
}
Event: 4.609 GC heap before
{Heap before GC invocations=36 (full 0):
 garbage-first heap   total 59392K, used 39154K [0x00000000e0000000, 0x0000000100000000)
  region size 1024K, 2 young (2048K), 1 survivors (1024K)
 Metaspace       used 34871K, capacity 38013K, committed 38272K, reserved 1083392K
  class space    used 3483K, capacity 4609K, committed 4736K, reserved 1048576K
}
Event: 4.611 GC heap after
{Heap after GC invocations=37 (full 0):
 garbage-first heap   total 59392K, used 38847K [0x00000000e0000000, 0x0000000100000000)
  region size 1024K, 1 young (1024K), 1 survivors (1024K)
 Metaspace       used 34871K, capacity 38013K, committed 38272K, reserved 1083392K
  class space    used 3483K, capacity 4609K, committed 4736K, reserved 1048576K
}
Event: 4.650 GC heap before
{Heap before GC invocations=37 (full 0):
 garbage-first heap   total 59392K, used 44991K [0x00000000e0000000, 0x0000000100000000)
  region size 1024K, 7 young (7168K), 1 survivors (1024K)
 Metaspace       used 34912K, capacity 38077K, committed 38272K, reserved 1083392K
  class space    used 3483K, capacity 4609K, committed 4736K, reserved 1048576K
}
Event: 4.651 GC heap after
{Heap after GC invocations=38 (full 0):
 garbage-first heap   total 59392K, used 40767K [0x00000000e0000000, 0x0000000100000000)
  region size 1024K, 1 young (1024K), 1 survivors (1024K)
 Metaspace       used 34912K, capacity 38077K, committed 38272K, reserved 1083392K
  class space    used 3483K, capacity 4609K, committed 4736K, reserved 1048576K
}
Event: 4.705 GC heap before
{Heap before GC invocations=39 (full 0):
 garbage-first heap   total 59392K, used 45887K [0x00000000e0000000, 0x0000000100000000)
  region size 1024K, 7 young (7168K), 1 survivors (1024K)
 Metaspace       used 34943K, capacity 38077K, committed 38272K, reserved 1083392K
  class space    used 3483K, capacity 4609K, committed 4736K, reserved 1048576K
}
Event: 4.707 GC heap after
{Heap after GC invocations=40 (full 0):
 garbage-first heap   total 59392K, used 42548K [0x00000000e0000000, 0x0000000100000000)
  region size 1024K, 1 young (1024K), 1 survivors (1024K)
 Metaspace       used 34943K, capacity 38077K, committed 38272K, reserved 1083392K
  class space    used 3483K, capacity 4609K, committed 4736K, reserved 1048576K
}
Event: 4.712 GC heap before
{Heap before GC invocations=40 (full 0):
 garbage-first heap   total 59392K, used 43572K [0x00000000e0000000, 0x0000000100000000)
  region size 1024K, 2 young (2048K), 1 survivors (1024K)
 Metaspace       used 34948K, capacity 38077K, committed 38272K, reserved 1083392K
  class space    used 3483K, capacity 4609K, committed 4736K, reserved 1048576K
}
Event: 4.714 GC heap after
{Heap after GC invocations=41 (full 0):
 garbage-first heap   total 59392K, used 39089K [0x00000000e0000000, 0x0000000100000000)
  region size 1024K, 1 young (1024K), 1 survivors (1024K)
 Metaspace       used 34948K, capacity 38077K, committed 38272K, reserved 1083392K
  class space    used 3483K, capacity 4609K, committed 4736K, reserved 1048576K
}
Event: 4.720 GC heap before
{Heap before GC invocations=41 (full 0):
 garbage-first heap   total 59392K, used 40113K [0x00000000e0000000, 0x0000000100000000)
  region size 1024K, 2 young (2048K), 1 survivors (1024K)
 Metaspace       used 34954K, capacity 38077K, committed 38272K, reserved 1083392K
  class space    used 3483K, capacity 4609K, committed 4736K, reserved 1048576K
}
Event: 4.722 GC heap after
{Heap after GC invocations=42 (full 0):
 garbage-first heap   total 59392K, used 38899K [0x00000000e0000000, 0x0000000100000000)
  region size 1024K, 1 young (1024K), 1 survivors (1024K)
 Metaspace       used 34954K, capacity 38077K, committed 38272K, reserved 1083392K
  class space    used 3483K, capacity 4609K, committed 4736K, reserved 1048576K
}
Event: 4.758 GC heap before
{Heap before GC invocations=42 (full 0):
 garbage-first heap   total 59392K, used 44019K [0x00000000e0000000, 0x0000000100000000)
  region size 1024K, 7 young (7168K), 1 survivors (1024K)
 Metaspace       used 34999K, capacity 38211K, committed 38528K, reserved 1083392K
  class space    used 3483K, capacity 4609K, committed 4736K, reserved 1048576K
}
Event: 4.760 GC heap after
{Heap after GC invocations=43 (full 0):
 garbage-first heap   total 83968K, used 40479K [0x00000000e0000000, 0x0000000100000000)
  region size 1024K, 1 young (1024K), 1 survivors (1024K)
 Metaspace       used 34999K, capacity 38211K, committed 38528K, reserved 1083392K
  class space    used 3483K, capacity 4609K, committed 4736K, reserved 1048576K
}
Event: 4.879 GC heap before
{Heap before GC invocations=43 (full 0):
 garbage-first heap   total 83968K, used 55839K [0x00000000e0000000, 0x0000000100000000)
  region size 1024K, 17 young (17408K), 1 survivors (1024K)
 Metaspace       used 35085K, capacity 38211K, committed 38528K, reserved 1083392K
  class space    used 3483K, capacity 4609K, committed 4736K, reserved 1048576K
}
Event: 4.884 GC heap after
{Heap after GC invocations=44 (full 0):
 garbage-first heap   total 83968K, used 43682K [0x00000000e0000000, 0x0000000100000000)
  region size 1024K, 3 young (3072K), 3 survivors (3072K)
 Metaspace       used 35085K, capacity 38211K, committed 38528K, reserved 1083392K
  class space    used 3483K, capacity 4609K, committed 4736K, reserved 1048576K
}
Event: 5.001 GC heap before
{Heap before GC invocations=44 (full 0):
 garbage-first heap   total 83968K, used 59042K [0x00000000e0000000, 0x0000000100000000)
  region size 1024K, 18 young (18432K), 3 survivors (3072K)
 Metaspace       used 35280K, capacity 38677K, committed 38784K, reserved 1083392K
  class space    used 3501K, capacity 4656K, committed 4736K, reserved 1048576K
}
Event: 5.006 GC heap after
{Heap after GC invocations=45 (full 0):
 garbage-first heap   total 83968K, used 48265K [0x00000000e0000000, 0x0000000100000000)
  region size 1024K, 3 young (3072K), 3 survivors (3072K)
 Metaspace       used 35280K, capacity 38677K, committed 38784K, reserved 1083392K
  class space    used 3501K, capacity 4656K, committed 4736K, reserved 1048576K
}
Event: 5.063 GC heap before
{Heap before GC invocations=45 (full 0):
 garbage-first heap   total 83968K, used 61577K [0x00000000e0000000, 0x0000000100000000)
  region size 1024K, 16 young (16384K), 3 survivors (3072K)
 Metaspace       used 35320K, capacity 38678K, committed 38784K, reserved 1083392K
  class space    used 3501K, capacity 4656K, committed 4736K, reserved 1048576K
}
Event: 5.066 GC heap after
{Heap after GC invocations=46 (full 0):
 garbage-first heap   total 83968K, used 51755K [0x00000000e0000000, 0x0000000100000000)
  region size 1024K, 2 young (2048K), 2 survivors (2048K)
 Metaspace       used 35320K, capacity 38678K, committed 38784K, reserved 1083392K
  class space    used 3501K, capacity 4656K, committed 4736K, reserved 1048576K
}
Event: 5.115 GC heap before
{Heap before GC invocations=46 (full 0):
 garbage-first heap   total 83968K, used 63019K [0x00000000e0000000, 0x0000000100000000)
  region size 1024K, 14 young (14336K), 2 survivors (2048K)
 Metaspace       used 35358K, capacity 38678K, committed 38784K, reserved 1083392K
  class space    used 3502K, capacity 4656K, committed 4736K, reserved 1048576K
}

