# JRE version: OpenJDK Runtime Environment Temurin-11.0.13+8 (11.0.13+8) (build 11.0.13+8)
# Java VM: OpenJDK 64-Bit Server VM Temurin-11.0.13+8 (11.0.13+8, mixed mode, tiered, compressed oops, g1 gc, windows-amd64)
Heap:
 garbage-first heap   total 157696K, used 106317K [0x00000000e0000000, 0x0000000100000000)
  region size 1024K, 40 young (40960K), 5 survivors (5120K)
 Metaspace       used 41352K, capacity 45783K, committed 46080K, reserved 1089536K
  class space    used 4171K, capacity 5574K, committed 5632K, reserved 1048576K
GC Heap History (20 events):
Event: 3.303 GC heap before
{Heap before GC invocations=29 (full 0):
 garbage-first heap   total 59392K, used 45388K [0x00000000e0000000, 0x0000000100000000)
  region size 1024K, 7 young (7168K), 1 survivors (1024K)
 Metaspace       used 34379K, capacity 37597K, committed 37632K, reserved 1083392K
  class space    used 3473K, capacity 4602K, committed 4608K, reserved 1048576K
}
Event: 3.305 GC heap after
{Heap after GC invocations=30 (full 0):
 garbage-first heap   total 83968K, used 40960K [0x00000000e0000000, 0x0000000100000000)
  region size 1024K, 1 young (1024K), 1 survivors (1024K)
 Metaspace       used 34379K, capacity 37597K, committed 37632K, reserved 1083392K
  class space    used 3473K, capacity 4602K, committed 4608K, reserved 1048576K
}
Event: 3.343 GC heap before
{Heap before GC invocations=30 (full 0):
 garbage-first heap   total 83968K, used 54272K [0x00000000e0000000, 0x0000000100000000)
  region size 1024K, 14 young (14336K), 1 survivors (1024K)
 Metaspace       used 34442K, capacity 37661K, committed 37888K, reserved 1083392K
  class space    used 3474K, capacity 4602K, committed 4608K, reserved 1048576K
}
Event: 3.345 GC heap after
{Heap after GC invocations=31 (full 0):
 garbage-first heap   total 83968K, used 42720K [0x00000000e0000000, 0x0000000100000000)
  region size 1024K, 2 young (2048K), 2 survivors (2048K)
 Metaspace       used 34442K, capacity 37661K, committed 37888K, reserved 1083392K
  class space    used 3474K, capacity 4602K, committed 4608K, reserved 1048576K
}
Event: 3.372 GC heap before
{Heap before GC invocations=31 (full 0):
 garbage-first heap   total 83968K, used 56032K [0x00000000e0000000, 0x0000000100000000)
  region size 1024K, 15 young (15360K), 2 survivors (2048K)
 Metaspace       used 34489K, capacity 37662K, committed 37888K, reserved 1083392K
  class space    used 3474K, capacity 4602K, committed 4608K, reserved 1048576K
}
Event: 3.373 GC heap after
{Heap after GC invocations=32 (full 0):
 garbage-first heap   total 83968K, used 43343K [0x00000000e0000000, 0x0000000100000000)
  region size 1024K, 1 young (1024K), 1 survivors (1024K)
 Metaspace       used 34489K, capacity 37662K, committed 37888K, reserved 1083392K
  class space    used 3474K, capacity 4602K, committed 4608K, reserved 1048576K
}
Event: 3.401 GC heap before
{Heap before GC invocations=32 (full 0):
 garbage-first heap   total 83968K, used 57679K [0x00000000e0000000, 0x0000000100000000)
  region size 1024K, 15 young (15360K), 1 survivors (1024K)
 Metaspace       used 34541K, capacity 37728K, committed 37888K, reserved 1083392K
  class space    used 3474K, capacity 4602K, committed 4608K, reserved 1048576K
}
Event: 3.402 GC heap after
{Heap after GC invocations=33 (full 0):
 garbage-first heap   total 83968K, used 44490K [0x00000000e0000000, 0x0000000100000000)
  region size 1024K, 2 young (2048K), 2 survivors (2048K)
 Metaspace       used 34541K, capacity 37728K, committed 37888K, reserved 1083392K
  class space    used 3474K, capacity 4602K, committed 4608K, reserved 1048576K
}
Event: 3.429 GC heap before
{Heap before GC invocations=33 (full 0):
 garbage-first heap   total 83968K, used 57802K [0x00000000e0000000, 0x0000000100000000)
  region size 1024K, 16 young (16384K), 2 survivors (2048K)
 Metaspace       used 34594K, capacity 37792K, committed 37888K, reserved 1083392K
  class space    used 3474K, capacity 4602K, committed 4608K, reserved 1048576K
}
Event: 3.431 GC heap after
{Heap after GC invocations=34 (full 0):
 garbage-first heap   total 110592K, used 45965K [0x00000000e0000000, 0x0000000100000000)
  region size 1024K, 2 young (2048K), 2 survivors (2048K)
 Metaspace       used 34594K, capacity 37792K, committed 37888K, reserved 1083392K
  class space    used 3474K, capacity 4602K, committed 4608K, reserved 1048576K
}
Event: 3.475 GC heap before
{Heap before GC invocations=34 (full 0):
 garbage-first heap   total 110592K, used 67469K [0x00000000e0000000, 0x0000000100000000)
  region size 1024K, 24 young (24576K), 2 survivors (2048K)
 Metaspace       used 34672K, capacity 37858K, committed 37888K, reserved 1083392K
  class space    used 3474K, capacity 4602K, committed 4608K, reserved 1048576K
}
Event: 3.476 GC heap after
{Heap after GC invocations=35 (full 0):
 garbage-first heap   total 110592K, used 47721K [0x00000000e0000000, 0x0000000100000000)
  region size 1024K, 3 young (3072K), 3 survivors (3072K)
 Metaspace       used 34672K, capacity 37858K, committed 37888K, reserved 1083392K
  class space    used 3474K, capacity 4602K, committed 4608K, reserved 1048576K
}
Event: 3.614 GC heap before
{Heap before GC invocations=35 (full 0):
 garbage-first heap   total 110592K, used 72297K [0x00000000e0000000, 0x0000000100000000)
  region size 1024K, 28 young (28672K), 3 survivors (3072K)
 Metaspace       used 34921K, capacity 38320K, committed 38528K, reserved 1083392K
  class space    used 3487K, capacity 4645K, committed 4736K, reserved 1048576K
}
Event: 3.617 GC heap after
{Heap after GC invocations=36 (full 0):
 garbage-first heap   total 110592K, used 53374K [0x00000000e0000000, 0x0000000100000000)
  region size 1024K, 4 young (4096K), 4 survivors (4096K)
 Metaspace       used 34921K, capacity 38320K, committed 38528K, reserved 1083392K
  class space    used 3487K, capacity 4645K, committed 4736K, reserved 1048576K
}
Event: 3.713 GC heap before
{Heap before GC invocations=36 (full 0):
 garbage-first heap   total 110592K, used 76926K [0x00000000e0000000, 0x0000000100000000)
  region size 1024K, 28 young (28672K), 4 survivors (4096K)
 Metaspace       used 34997K, capacity 38385K, committed 38528K, reserved 1083392K
  class space    used 3488K, capacity 4645K, committed 4736K, reserved 1048576K
}
Event: 3.717 GC heap after
{Heap after GC invocations=37 (full 0):
 garbage-first heap   total 110592K, used 60080K [0x00000000e0000000, 0x0000000100000000)
  region size 1024K, 4 young (4096K), 4 survivors (4096K)
 Metaspace       used 34997K, capacity 38385K, committed 38528K, reserved 1083392K
  class space    used 3488K, capacity 4645K, committed 4736K, reserved 1048576K
}
Event: 3.774 GC heap before
{Heap before GC invocations=37 (full 0):
 garbage-first heap   total 110592K, used 80560K [0x00000000e0000000, 0x0000000100000000)
  region size 1024K, 25 young (25600K), 4 survivors (4096K)
 Metaspace       used 35003K, capacity 38385K, committed 38528K, reserved 1083392K
  class space    used 3488K, capacity 4645K, committed 4736K, reserved 1048576K
}
Event: 3.779 GC heap after
{Heap after GC invocations=38 (full 0):
 garbage-first heap   total 157696K, used 64394K [0x00000000e0000000, 0x0000000100000000)
  region size 1024K, 4 young (4096K), 4 survivors (4096K)
 Metaspace       used 35003K, capacity 38385K, committed 38528K, reserved 1083392K
  class space    used 3488K, capacity 4645K, committed 4736K, reserved 1048576K
}
Event: 4.222 GC heap before
{Heap before GC invocations=38 (full 0):
 garbage-first heap   total 157696K, used 100234K [0x00000000e0000000, 0x0000000100000000)
  region size 1024K, 38 young (38912K), 4 survivors (4096K)
 Metaspace       used 37385K, capacity 41508K, committed 41728K, reserved 1085440K
  class space    used 3737K, capacity 5074K, committed 5120K, reserved 1048576K
}
Event: 4.233 GC heap after
{Heap after GC invocations=39 (full 0):
 garbage-first heap   total 157696K, used 72525K [0x00000000e0000000, 0x0000000100000000)
  region size 1024K, 5 young (5120K), 5 survivors (5120K)
 Metaspace       used 37385K, capacity 41508K, committed 41728K, reserved 1085440K
  class space    used 3737K, capacity 5074K, committed 5120K, reserved 1048576K
}

